2015/07/11 16:49:57 DEBUG> wemaux_httpd.pl:47 MyWebServer::handle_setup - Request for sample/setup.xml
2015/07/11 16:49:57 DEBUG> wemaux_httpd.pl:47 MyWebServer::handle_setup - Request for sample/setup.xml
2015/07/11 16:49:58 DEBUG> wemaux_httpd.pl:47 MyWebServer::handle_setup - Request for sample/setup.xml
2015/07/11 16:49:58 DEBUG> wemaux_httpd.pl:47 MyWebServer::handle_setup - Request for sample/setup.xml
2015/07/11 16:50:08 DEBUG> wemaux_httpd.pl:47 MyWebServer::handle_setup - Request for sample/setup.xml
2015/07/11 16:50:08 DEBUG> wemaux_httpd.pl:47 MyWebServer::handle_setup - Request for sample/setup.xml
2015/07/11 16:50:09 DEBUG> wemaux_httpd.pl:47 MyWebServer::handle_setup - Request for sample/setup.xml
2015/07/11 16:50:09 DEBUG> wemaux_httpd.pl:47 MyWebServer::handle_setup - Request for sample/setup.xml
2015/07/11 16:51:41 DEBUG> wemaux_httpd.pl:47 MyWebServer::handle_setup - Request for sample/setup.xml
2015/07/11 16:51:42 DEBUG> wemaux_httpd.pl:47 MyWebServer::handle_setup - Request for sample/setup.xml
2015/07/11 16:51:43 DEBUG> wemaux_httpd.pl:47 MyWebServer::handle_setup - Request for sample/setup.xml
2015/07/11 16:51:43 DEBUG> wemaux_httpd.pl:47 MyWebServer::handle_setup - Request for sample/setup.xml
2015/07/11 16:52:17 DEBUG> wemaux_httpd.pl:47 MyWebServer::handle_setup - Request for sample/setup.xml
2015/07/11 16:52:17 DEBUG> wemaux_httpd.pl:47 MyWebServer::handle_setup - Request for sample/setup.xml
2015/07/11 16:52:19 DEBUG> wemaux_httpd.pl:47 MyWebServer::handle_setup - Request for sample/setup.xml
2015/07/11 16:52:19 DEBUG> wemaux_httpd.pl:47 MyWebServer::handle_setup - Request for sample/setup.xml
2015/07/11 16:52:57 DEBUG> wemaux_httpd.pl:47 MyWebServer::handle_setup - Request for sample/setup.xml
2015/07/11 16:52:57 DEBUG> wemaux_httpd.pl:33 MyWebServer::handle_request - 404 for /deviceinfoservice.xml
2015/07/11 16:52:57 DEBUG> wemaux_httpd.pl:33 MyWebServer::handle_request - 404 for /deviceinfoservice.xml
2015/07/11 16:52:57 DEBUG> wemaux_httpd.pl:33 MyWebServer::handle_request - 404 for /deviceinfoservice.xml
2015/07/11 16:52:57 DEBUG> wemaux_httpd.pl:33 MyWebServer::handle_request - 404 for /deviceinfoservice.xml
2015/07/11 16:52:57 DEBUG> wemaux_httpd.pl:33 MyWebServer::handle_request - 404 for /firmwareupdate.xml
2015/07/11 16:52:57 DEBUG> wemaux_httpd.pl:33 MyWebServer::handle_request - 404 for /firmwareupdate.xml
2015/07/11 16:52:58 DEBUG> wemaux_httpd.pl:33 MyWebServer::handle_request - 404 for /deviceinfoservice.xml
2015/07/11 16:52:58 DEBUG> wemaux_httpd.pl:33 MyWebServer::handle_request - 404 for /deviceinfoservice.xml
2015/07/11 16:52:58 DEBUG> wemaux_httpd.pl:33 MyWebServer::handle_request - 404 for /deviceinfoservice.xml
2015/07/11 16:52:58 DEBUG> wemaux_httpd.pl:33 MyWebServer::handle_request - 404 for /deviceinfoservice.xml
2015/07/11 16:52:58 DEBUG> wemaux_httpd.pl:33 MyWebServer::handle_request - 404 for /firmwareupdate.xml
2015/07/11 16:52:58 DEBUG> wemaux_httpd.pl:33 MyWebServer::handle_request - 404 for /firmwareupdate.xml
2015/07/11 16:53:02 DEBUG> wemaux_httpd.pl:33 MyWebServer::handle_request - 404 for /deviceinfoservice.xml
2015/07/11 16:53:02 DEBUG> wemaux_httpd.pl:33 MyWebServer::handle_request - 404 for /deviceinfoservice.xml
2015/07/11 16:53:02 DEBUG> wemaux_httpd.pl:33 MyWebServer::handle_request - 404 for /deviceinfoservice.xml
2015/07/11 16:53:02 DEBUG> wemaux_httpd.pl:33 MyWebServer::handle_request - 404 for /deviceinfoservice.xml
2015/07/11 16:53:02 DEBUG> wemaux_httpd.pl:33 MyWebServer::handle_request - 404 for /firmwareupdate.xml
2015/07/11 16:53:02 DEBUG> wemaux_httpd.pl:33 MyWebServer::handle_request - 404 for /firmwareupdate.xml
2015/07/11 16:53:02 DEBUG> wemaux_httpd.pl:33 MyWebServer::handle_request - 404 for /deviceinfoservice.xml
2015/07/11 16:53:02 DEBUG> wemaux_httpd.pl:33 MyWebServer::handle_request - 404 for /deviceinfoservice.xml
2015/07/11 16:53:02 DEBUG> wemaux_httpd.pl:33 MyWebServer::handle_request - 404 for /deviceinfoservice.xml
2015/07/11 16:53:02 DEBUG> wemaux_httpd.pl:33 MyWebServer::handle_request - 404 for /deviceinfoservice.xml
2015/07/11 16:53:02 DEBUG> wemaux_httpd.pl:33 MyWebServer::handle_request - 404 for /firmwareupdate.xml
2015/07/11 16:53:02 DEBUG> wemaux_httpd.pl:33 MyWebServer::handle_request - 404 for /firmwareupdate.xml
2015/07/11 16:53:04 DEBUG> wemaux_httpd.pl:33 MyWebServer::handle_request - 404 for /deviceinfoservice.xml
2015/07/11 16:53:04 DEBUG> wemaux_httpd.pl:33 MyWebServer::handle_request - 404 for /deviceinfoservice.xml
2015/07/11 16:53:04 DEBUG> wemaux_httpd.pl:33 MyWebServer::handle_request - 404 for /deviceinfoservice.xml
2015/07/11 16:53:04 DEBUG> wemaux_httpd.pl:33 MyWebServer::handle_request - 404 for /deviceinfoservice.xml
2015/07/11 16:53:04 DEBUG> wemaux_httpd.pl:33 MyWebServer::handle_request - 404 for /firmwareupdate.xml
2015/07/11 16:53:04 DEBUG> wemaux_httpd.pl:33 MyWebServer::handle_request - 404 for /firmwareupdate.xml
2015/07/11 16:53:04 DEBUG> wemaux_httpd.pl:33 MyWebServer::handle_request - 404 for /deviceinfoservice.xml
2015/07/11 16:53:04 DEBUG> wemaux_httpd.pl:33 MyWebServer::handle_request - 404 for /deviceinfoservice.xml
2015/07/11 16:53:04 DEBUG> wemaux_httpd.pl:33 MyWebServer::handle_request - 404 for /deviceinfoservice.xml
2015/07/11 16:53:04 DEBUG> wemaux_httpd.pl:33 MyWebServer::handle_request - 404 for /deviceinfoservice.xml
2015/07/11 16:53:04 DEBUG> wemaux_httpd.pl:33 MyWebServer::handle_request - 404 for /firmwareupdate.xml
2015/07/11 16:53:04 DEBUG> wemaux_httpd.pl:33 MyWebServer::handle_request - 404 for /firmwareupdate.xml
2015/07/11 16:58:15 DEBUG> wemaux_httpd.pl:89 MyWebServer::handle_device - Request for sample/deviceinfoservice.xml
2015/07/11 16:58:15 DEBUG> wemaux_httpd.pl:35 MyWebServer::handle_request - 404 for /firmwareupdate.xml
2015/07/11 16:58:15 DEBUG> wemaux_httpd.pl:35 MyWebServer::handle_request - 404 for /firmwareupdate.xml
2015/07/11 16:58:15 DEBUG> wemaux_httpd.pl:35 MyWebServer::handle_request - 404 for /firmwareupdate.xml
2015/07/11 16:58:15 DEBUG> wemaux_httpd.pl:35 MyWebServer::handle_request - 404 for /firmwareupdate.xml
2015/07/11 16:58:16 DEBUG> wemaux_httpd.pl:35 MyWebServer::handle_request - 404 for /firmwareupdate.xml
2015/07/11 16:58:16 DEBUG> wemaux_httpd.pl:35 MyWebServer::handle_request - 404 for /firmwareupdate.xml
2015/07/11 17:00:40 DEBUG> wemaux_httpd.pl:35 MyWebServer::handle_request - 404 for /firmwareupdate.xml
2015/07/11 17:00:40 DEBUG> wemaux_httpd.pl:35 MyWebServer::handle_request - 404 for /firmwareupdate.xml
2015/07/11 17:00:41 DEBUG> wemaux_httpd.pl:35 MyWebServer::handle_request - 404 for /firmwareupdate.xml
2015/07/11 17:00:41 DEBUG> wemaux_httpd.pl:35 MyWebServer::handle_request - 404 for /firmwareupdate.xml
2015/07/11 17:00:42 DEBUG> wemaux_httpd.pl:35 MyWebServer::handle_request - 404 for /firmwareupdate.xml
2015/07/11 17:00:42 DEBUG> wemaux_httpd.pl:35 MyWebServer::handle_request - 404 for /firmwareupdate.xml
2015/07/11 17:00:44 DEBUG> wemaux_httpd.pl:35 MyWebServer::handle_request - 404 for /firmwareupdate.xml
2015/07/11 17:00:44 DEBUG> wemaux_httpd.pl:35 MyWebServer::handle_request - 404 for /firmwareupdate.xml
2015/07/11 17:00:46 DEBUG> wemaux_httpd.pl:35 MyWebServer::handle_request - 404 for /firmwareupdate.xml
2015/07/11 17:00:46 DEBUG> wemaux_httpd.pl:35 MyWebServer::handle_request - 404 for /firmwareupdate.xml
2015/07/11 17:00:48 DEBUG> wemaux_httpd.pl:35 MyWebServer::handle_request - 404 for /firmwareupdate.xml
2015/07/11 17:00:48 DEBUG> wemaux_httpd.pl:35 MyWebServer::handle_request - 404 for /firmwareupdate.xml
2015/07/11 17:01:28 DEBUG> wemaux_httpd.pl:35 MyWebServer::handle_request - 404 for /firmwareupdate.xml
2015/07/11 17:01:28 DEBUG> wemaux_httpd.pl:35 MyWebServer::handle_request - 404 for /firmwareupdate.xml
2015/07/11 17:01:28 DEBUG> wemaux_httpd.pl:35 MyWebServer::handle_request - 404 for /firmwareupdate.xml
2015/07/11 17:01:28 DEBUG> wemaux_httpd.pl:35 MyWebServer::handle_request - 404 for /firmwareupdate.xml
2015/07/11 17:01:32 DEBUG> wemaux_httpd.pl:35 MyWebServer::handle_request - 404 for /firmwareupdate.xml
2015/07/11 17:01:32 DEBUG> wemaux_httpd.pl:35 MyWebServer::handle_request - 404 for /firmwareupdate.xml
2015/07/11 17:01:33 DEBUG> wemaux_httpd.pl:35 MyWebServer::handle_request - 404 for /firmwareupdate.xml
2015/07/11 17:01:33 DEBUG> wemaux_httpd.pl:35 MyWebServer::handle_request - 404 for /firmwareupdate.xml
2015/07/11 17:01:34 DEBUG> wemaux_httpd.pl:35 MyWebServer::handle_request - 404 for /firmwareupdate.xml
2015/07/11 17:01:34 DEBUG> wemaux_httpd.pl:35 MyWebServer::handle_request - 404 for /firmwareupdate.xml
2015/07/11 17:01:47 DEBUG> wemaux_httpd.pl:35 MyWebServer::handle_request - 404 for /firmwareupdate.xml
2015/07/11 17:01:47 DEBUG> wemaux_httpd.pl:35 MyWebServer::handle_request - 404 for /firmwareupdate.xml
2015/07/11 17:01:49 DEBUG> wemaux_httpd.pl:35 MyWebServer::handle_request - 404 for /firmwareupdate.xml
2015/07/11 17:01:49 DEBUG> wemaux_httpd.pl:35 MyWebServer::handle_request - 404 for /firmwareupdate.xml
2015/07/11 17:02:03 DEBUG> wemaux_httpd.pl:35 MyWebServer::handle_request - 404 for /firmwareupdate.xml
2015/07/11 17:02:03 DEBUG> wemaux_httpd.pl:35 MyWebServer::handle_request - 404 for /firmwareupdate.xml
2015/07/11 17:02:03 DEBUG> wemaux_httpd.pl:35 MyWebServer::handle_request - 404 for /firmwareupdate.xml
2015/07/11 17:02:03 DEBUG> wemaux_httpd.pl:35 MyWebServer::handle_request - 404 for /firmwareupdate.xml
2015/07/11 17:02:05 DEBUG> wemaux_httpd.pl:35 MyWebServer::handle_request - 404 for /firmwareupdate.xml
2015/07/11 17:02:05 DEBUG> wemaux_httpd.pl:35 MyWebServer::handle_request - 404 for /firmwareupdate.xml
2015/07/11 17:02:13 DEBUG> wemaux_httpd.pl:35 MyWebServer::handle_request - 404 for /firmwareupdate.xml
2015/07/11 17:02:13 DEBUG> wemaux_httpd.pl:35 MyWebServer::handle_request - 404 for /firmwareupdate.xml
2015/07/11 17:02:15 DEBUG> wemaux_httpd.pl:35 MyWebServer::handle_request - 404 for /firmwareupdate.xml
2015/07/11 17:02:15 DEBUG> wemaux_httpd.pl:35 MyWebServer::handle_request - 404 for /firmwareupdate.xml
2015/07/11 17:04:18 DEBUG> wemaux_httpd.pl:103 MyWebServer::handle_firmware - Request for sample/firmwareupdate.xml
2015/07/11 17:04:18 DEBUG> wemaux_httpd.pl:37 MyWebServer::handle_request - 404 for /upnp/control/firmwareupdate1
2015/07/11 17:04:19 DEBUG> wemaux_httpd.pl:37 MyWebServer::handle_request - 404 for /upnp/control/firmwareupdate1
2015/07/11 17:05:43 DEBUG> wemaux_httpd.pl:37 MyWebServer::handle_request - 404 for /upnp/control/firmwareupdate1
2015/07/11 17:05:45 DEBUG> wemaux_httpd.pl:37 MyWebServer::handle_request - 404 for /upnp/control/firmwareupdate1
2015/07/11 17:15:40 DEBUG> wemaux_httpd.pl:37 MyWebServer::handle_request - 404 for /upnp/control/firmwareupdate1
2015/07/11 17:15:41 DEBUG> wemaux_httpd.pl:37 MyWebServer::handle_request - 404 for /upnp/control/firmwareupdate1
2015/07/11 17:15:42 DEBUG> wemaux_httpd.pl:37 MyWebServer::handle_request - 404 for /upnp/control/firmwareupdate1
2015/07/11 17:15:49 DEBUG> wemaux_httpd.pl:37 MyWebServer::handle_request - 404 for /upnp/control/firmwareupdate1
2015/07/11 17:15:50 DEBUG> wemaux_httpd.pl:37 MyWebServer::handle_request - 404 for /upnp/control/firmwareupdate1
2015/07/11 17:15:50 DEBUG> wemaux_httpd.pl:37 MyWebServer::handle_request - 404 for /upnp/control/firmwareupdate1
2015/07/11 17:16:25 DEBUG> wemaux_httpd.pl:37 MyWebServer::handle_request - 404 for /upnp/control/firmwareupdate1
2015/07/11 17:16:26 DEBUG> wemaux_httpd.pl:37 MyWebServer::handle_request - 404 for /upnp/control/firmwareupdate1
2015/07/11 17:16:38 DEBUG> wemaux_httpd.pl:37 MyWebServer::handle_request - 404 for /upnp/control/firmwareupdate1
2015/07/11 17:16:40 DEBUG> wemaux_httpd.pl:37 MyWebServer::handle_request - 404 for /upnp/control/firmwareupdate1
2015/07/11 17:16:50 DEBUG> wemaux_httpd.pl:49 MyWebServer::handle_setup - Request for sample/setup.xml
2015/07/11 17:20:15 DEBUG> wemaux_httpd.pl:49 MyWebServer::handle_setup - Request for sample/setup.xml
2015/07/11 17:20:15 DEBUG> wemaux_httpd.pl:37 MyWebServer::handle_request - 404 for /upnp/control/firmwareupdate1
2015/07/11 17:20:16 DEBUG> wemaux_httpd.pl:37 MyWebServer::handle_request - 404 for /upnp/control/firmwareupdate1
2015/07/11 17:20:31 DEBUG> wemaux_httpd.pl:37 MyWebServer::handle_request - 404 for /upnp/control/firmwareupdate1
2015/07/11 17:20:34 DEBUG> wemaux_httpd.pl:37 MyWebServer::handle_request - 404 for /upnp/control/firmwareupdate1
2015/07/11 17:22:08 DEBUG> wemaux_httpd.pl:37 MyWebServer::handle_request - 404 for /upnp/control/firmwareupdate1
2015/07/11 17:22:08 DEBUG> wemaux_httpd.pl:37 MyWebServer::handle_request - 404 for /upnp/control/firmwareupdate1
2015/07/11 17:22:09 DEBUG> wemaux_httpd.pl:37 MyWebServer::handle_request - 404 for /upnp/control/firmwareupdate1
2015/07/11 17:23:08 DEBUG> wemaux_httpd.pl:37 MyWebServer::handle_request - 404 for /upnp/control/firmwareupdate1
2015/07/11 17:23:09 DEBUG> wemaux_httpd.pl:37 MyWebServer::handle_request - 404 for /upnp/control/firmwareupdate1
2015/07/11 17:23:09 DEBUG> wemaux_httpd.pl:37 MyWebServer::handle_request - 404 for /upnp/control/firmwareupdate1
2015/07/11 17:23:10 DEBUG> wemaux_httpd.pl:37 MyWebServer::handle_request - 404 for /upnp/control/firmwareupdate1
2015/07/11 17:23:10 DEBUG> wemaux_httpd.pl:37 MyWebServer::handle_request - 404 for /upnp/control/firmwareupdate1
2015/07/11 17:23:11 DEBUG> wemaux_httpd.pl:37 MyWebServer::handle_request - 404 for /upnp/control/firmwareupdate1
2015/07/11 17:23:12 DEBUG> wemaux_httpd.pl:37 MyWebServer::handle_request - 404 for /upnp/control/firmwareupdate1
2015/07/11 17:23:57 DEBUG> wemaux_httpd.pl:37 MyWebServer::handle_request - 404 for /upnp/control/firmwareupdate1
2015/07/11 17:23:59 DEBUG> wemaux_httpd.pl:37 MyWebServer::handle_request - 404 for /upnp/control/firmwareupdate1
2015/07/11 17:24:01 DEBUG> wemaux_httpd.pl:37 MyWebServer::handle_request - 404 for /upnp/control/firmwareupdate1
2015/07/11 17:25:32 DEBUG> wemaux_httpd.pl:37 MyWebServer::handle_request - 404 for /upnp/control/firmwareupdate1
2015/07/11 17:25:33 DEBUG> wemaux_httpd.pl:37 MyWebServer::handle_request - 404 for /upnp/control/firmwareupdate1
2015/07/11 17:25:33 DEBUG> wemaux_httpd.pl:37 MyWebServer::handle_request - 404 for /upnp/control/firmwareupdate1
2015/07/11 17:27:11 DEBUG> wemaux_httpd.pl:37 MyWebServer::handle_request - 404 for /upnp/control/firmwareupdate1
2015/07/11 17:27:12 DEBUG> wemaux_httpd.pl:37 MyWebServer::handle_request - 404 for /upnp/control/firmwareupdate1
2015/07/11 17:27:13 DEBUG> wemaux_httpd.pl:37 MyWebServer::handle_request - 404 for /upnp/control/firmwareupdate1
2015/07/11 17:28:31 DEBUG> wemaux_httpd.pl:37 MyWebServer::handle_request - 404 for /upnp/control/firmwareupdate1
2015/07/11 17:28:32 DEBUG> wemaux_httpd.pl:37 MyWebServer::handle_request - 404 for /upnp/control/firmwareupdate1
2015/07/11 17:28:32 DEBUG> wemaux_httpd.pl:37 MyWebServer::handle_request - 404 for /upnp/control/firmwareupdate1
2015/07/11 17:29:00 DEBUG> wemaux_httpd.pl:37 MyWebServer::handle_request - 404 for /upnp/control/firmwareupdate1
2015/07/11 17:29:00 DEBUG> wemaux_httpd.pl:37 MyWebServer::handle_request - 404 for /upnp/control/firmwareupdate1
2015/07/11 17:29:01 DEBUG> wemaux_httpd.pl:37 MyWebServer::handle_request - 404 for /upnp/control/firmwareupdate1
2015/07/11 17:29:19 DEBUG> wemaux_httpd.pl:37 MyWebServer::handle_request - 404 for /upnp/control/firmwareupdate1
2015/07/11 17:29:21 DEBUG> wemaux_httpd.pl:37 MyWebServer::handle_request - 404 for /upnp/control/firmwareupdate1
2015/07/11 17:29:24 DEBUG> wemaux_httpd.pl:37 MyWebServer::handle_request - 404 for /upnp/control/firmwareupdate1
2015/07/11 17:29:26 DEBUG> wemaux_httpd.pl:37 MyWebServer::handle_request - 404 for /upnp/control/firmwareupdate1
2015/07/11 17:32:43 DEBUG> wemaux_httpd.pl:37 MyWebServer::handle_request - 404 for /upnp/control/firmwareupdate1
2015/07/11 17:32:44 DEBUG> wemaux_httpd.pl:37 MyWebServer::handle_request - 404 for /upnp/control/firmwareupdate1
2015/07/11 17:38:07 DEBUG> wemaux_httpd.pl:37 MyWebServer::handle_request - 404 for /upnp/control/firmwareupdate1
2015/07/11 17:38:09 DEBUG> wemaux_httpd.pl:37 MyWebServer::handle_request - 404 for /upnp/control/firmwareupdate1
2015/07/11 17:39:29 DEBUG> wemaux_httpd.pl:37 MyWebServer::handle_request - 404 for /upnp/control/firmwareupdate1
2015/07/11 17:39:30 DEBUG> wemaux_httpd.pl:37 MyWebServer::handle_request - 404 for /upnp/control/firmwareupdate1
2015/07/11 17:39:30 DEBUG> wemaux_httpd.pl:37 MyWebServer::handle_request - 404 for /upnp/control/firmwareupdate1
2015/07/11 17:39:35 DEBUG> wemaux_httpd.pl:37 MyWebServer::handle_request - 404 for /upnp/control/firmwareupdate1
2015/07/11 17:39:38 DEBUG> wemaux_httpd.pl:37 MyWebServer::handle_request - 404 for /upnp/control/firmwareupdate1
2015/07/11 17:53:36 DEBUG> wemaux_httpd.pl:141 MyWebServer::handle_firmware_response - Request for sample/firmwareupdate.xml
2015/07/11 17:53:37 DEBUG> wemaux_httpd.pl:141 MyWebServer::handle_firmware_response - Request for sample/firmwareupdate.xml
2015/07/11 17:53:42 DEBUG> wemaux_httpd.pl:141 MyWebServer::handle_firmware_response - Request for sample/firmwareupdate.xml
2015/07/11 17:53:43 DEBUG> wemaux_httpd.pl:141 MyWebServer::handle_firmware_response - Request for sample/firmwareupdate.xml
2015/07/11 17:53:45 DEBUG> wemaux_httpd.pl:141 MyWebServer::handle_firmware_response - Request for sample/firmwareupdate.xml
2015/07/11 17:53:58 DEBUG> wemaux_httpd.pl:141 MyWebServer::handle_firmware_response - Request for sample/firmwareupdate.xml
2015/07/11 17:54:00 DEBUG> wemaux_httpd.pl:141 MyWebServer::handle_firmware_response - Request for sample/firmwareupdate.xml
2015/07/11 17:54:08 DEBUG> wemaux_httpd.pl:141 MyWebServer::handle_firmware_response - Request for sample/firmwareupdate.xml
2015/07/11 17:54:10 DEBUG> wemaux_httpd.pl:141 MyWebServer::handle_firmware_response - Request for sample/firmwareupdate.xml
2015/07/11 17:54:46 DEBUG> wemaux_httpd.pl:141 MyWebServer::handle_firmware_response - Request for sample/firmwareupdate.xml
2015/07/11 17:54:48 DEBUG> wemaux_httpd.pl:141 MyWebServer::handle_firmware_response - Request for sample/firmwareupdate.xml
2015/07/11 17:54:58 DEBUG> wemaux_httpd.pl:52 MyWebServer::handle_setup - Request for sample/setup.xml
2015/07/11 17:54:58 DEBUG> wemaux_httpd.pl:141 MyWebServer::handle_firmware_response - Request for sample/firmwareupdate.xml
2015/07/11 17:55:00 DEBUG> wemaux_httpd.pl:141 MyWebServer::handle_firmware_response - Request for sample/firmwareupdate.xml
2015/07/11 17:59:06 DEBUG> wemaux_httpd.pl:141 MyWebServer::handle_firmware_response - Request for sample/firmwareupdate.xml
2015/07/11 17:59:07 DEBUG> wemaux_httpd.pl:141 MyWebServer::handle_firmware_response - Request for sample/firmwareupdate.xml
2015/07/11 17:59:07 DEBUG> wemaux_httpd.pl:141 MyWebServer::handle_firmware_response - Request for sample/firmwareupdate.xml
2015/07/11 17:59:09 DEBUG> wemaux_httpd.pl:141 MyWebServer::handle_firmware_response - Request for sample/firmwareupdate.xml
2015/07/11 17:59:11 DEBUG> wemaux_httpd.pl:141 MyWebServer::handle_firmware_response - Request for sample/firmwareupdate.xml
2015/07/11 18:00:47 DEBUG> wemaux_httpd.pl:141 MyWebServer::handle_firmware_response - Request for sample/firmwareupdate.xml
2015/07/11 18:00:48 DEBUG> wemaux_httpd.pl:141 MyWebServer::handle_firmware_response - Request for sample/firmwareupdate.xml
2015/07/11 18:00:49 DEBUG> wemaux_httpd.pl:141 MyWebServer::handle_firmware_response - Request for sample/firmwareupdate.xml
2015/07/11 18:00:52 DEBUG> wemaux_httpd.pl:141 MyWebServer::handle_firmware_response - Request for sample/firmwareupdate.xml
2015/07/11 18:00:53 DEBUG> wemaux_httpd.pl:141 MyWebServer::handle_firmware_response - Request for sample/firmwareupdate.xml
2015/07/11 18:01:00 DEBUG> wemaux_httpd.pl:52 MyWebServer::handle_setup - Request for sample/setup.xml
2015/07/11 18:01:01 DEBUG> wemaux_httpd.pl:141 MyWebServer::handle_firmware_response - Request for sample/firmwareupdate.xml
2015/07/11 18:01:02 DEBUG> wemaux_httpd.pl:141 MyWebServer::handle_firmware_response - Request for sample/firmwareupdate.xml
2015/07/11 18:02:12 DEBUG> wemaux_httpd.pl:141 MyWebServer::handle_firmware_response - Request for sample/firmwareupdate.xml
2015/07/11 18:02:12 DEBUG> wemaux_httpd.pl:141 MyWebServer::handle_firmware_response - Request for sample/firmwareupdate.xml
2015/07/11 18:02:14 DEBUG> wemaux_httpd.pl:141 MyWebServer::handle_firmware_response - Request for sample/firmwareupdate.xml
2015/07/11 18:03:02 DEBUG> wemaux_httpd.pl:141 MyWebServer::handle_firmware_response - Request for sample/firmwareupdate.xml
2015/07/11 18:03:03 DEBUG> wemaux_httpd.pl:141 MyWebServer::handle_firmware_response - Request for sample/firmwareupdate.xml
2015/07/11 18:03:04 DEBUG> wemaux_httpd.pl:141 MyWebServer::handle_firmware_response - Request for sample/firmwareupdate.xml
2015/07/11 18:03:05 DEBUG> wemaux_httpd.pl:141 MyWebServer::handle_firmware_response - Request for sample/firmwareupdate.xml
2015/07/11 18:03:09 DEBUG> wemaux_httpd.pl:141 MyWebServer::handle_firmware_response - Request for sample/firmwareupdate.xml
2015/07/11 18:03:10 DEBUG> wemaux_httpd.pl:141 MyWebServer::handle_firmware_response - Request for sample/firmwareupdate.xml
2015/07/11 18:03:12 DEBUG> wemaux_httpd.pl:141 MyWebServer::handle_firmware_response - Request for sample/firmwareupdate.xml
2015/07/11 18:04:52 DEBUG> wemaux_httpd.pl:141 MyWebServer::handle_firmware_response - Request for sample/firmwareupdate.xml
2015/07/11 18:04:54 DEBUG> wemaux_httpd.pl:141 MyWebServer::handle_firmware_response - Request for sample/firmwareupdate.xml
2015/07/11 18:04:57 DEBUG> wemaux_httpd.pl:141 MyWebServer::handle_firmware_response - Request for sample/firmwareupdate.xml
2015/07/11 18:06:28 DEBUG> wemaux_httpd.pl:141 MyWebServer::handle_firmware_response - Request for sample/firmwareupdate.xml
2015/07/11 18:06:30 DEBUG> wemaux_httpd.pl:141 MyWebServer::handle_firmware_response - Request for sample/firmwareupdate.xml
2015/07/11 18:06:30 DEBUG> wemaux_httpd.pl:141 MyWebServer::handle_firmware_response - Request for sample/firmwareupdate.xml
2015/07/11 18:06:40 DEBUG> wemaux_httpd.pl:141 MyWebServer::handle_firmware_response - Request for sample/firmwareupdate.xml
2015/07/11 18:06:42 DEBUG> wemaux_httpd.pl:141 MyWebServer::handle_firmware_response - Request for sample/firmwareupdate.xml
2015/07/11 18:07:05 DEBUG> wemaux_httpd.pl:141 MyWebServer::handle_firmware_response - Request for sample/firmwareupdate.xml
2015/07/11 18:07:06 DEBUG> wemaux_httpd.pl:141 MyWebServer::handle_firmware_response - Request for sample/firmwareupdate.xml
2015/07/11 18:07:11 DEBUG> wemaux_httpd.pl:141 MyWebServer::handle_firmware_response - Request for sample/firmwareupdate.xml
2015/07/11 18:07:13 DEBUG> wemaux_httpd.pl:141 MyWebServer::handle_firmware_response - Request for sample/firmwareupdate.xml
2015/07/11 18:08:03 DEBUG> wemaux_httpd.pl:141 MyWebServer::handle_firmware_response - Request for sample/firmwareupdate.xml
2015/07/11 18:08:05 DEBUG> wemaux_httpd.pl:141 MyWebServer::handle_firmware_response - Request for sample/firmwareupdate.xml
2015/07/11 18:08:05 DEBUG> wemaux_httpd.pl:141 MyWebServer::handle_firmware_response - Request for sample/firmwareupdate.xml
2015/07/11 18:08:10 DEBUG> wemaux_httpd.pl:141 MyWebServer::handle_firmware_response - Request for sample/firmwareupdate.xml
2015/07/11 18:08:11 DEBUG> wemaux_httpd.pl:141 MyWebServer::handle_firmware_response - Request for sample/firmwareupdate.xml
2015/07/11 18:08:21 DEBUG> wemaux_httpd.pl:141 MyWebServer::handle_firmware_response - Request for sample/firmwareupdate.xml
2015/07/11 18:08:23 DEBUG> wemaux_httpd.pl:141 MyWebServer::handle_firmware_response - Request for sample/firmwareupdate.xml
2015/07/11 18:08:34 DEBUG> wemaux_httpd.pl:52 MyWebServer::handle_setup - Request for sample/setup.xml
2015/07/11 18:08:34 DEBUG> wemaux_httpd.pl:141 MyWebServer::handle_firmware_response - Request for sample/firmwareupdate.xml
2015/07/11 18:08:35 DEBUG> wemaux_httpd.pl:141 MyWebServer::handle_firmware_response - Request for sample/firmwareupdate.xml
2015/07/11 18:08:36 DEBUG> wemaux_httpd.pl:141 MyWebServer::handle_firmware_response - Request for sample/firmwareupdate.xml
2015/07/11 18:09:20 DEBUG> wemaux_httpd.pl:52 MyWebServer::handle_setup - Request for sample/setup.xml
2015/07/11 18:10:36 DEBUG> wemaux_httpd.pl:52 MyWebServer::handle_setup - Request for sample/setup.xml
2015/07/11 18:11:24 DEBUG> wemaux_httpd.pl:52 MyWebServer::handle_setup - Request for sample/setup.xml
2015/07/11 18:12:07 DEBUG> wemaux_httpd.pl:52 MyWebServer::handle_setup - Request for sample/setup.xml
2015/07/11 18:12:34 DEBUG> wemaux_httpd.pl:52 MyWebServer::handle_setup - Request for sample/setup.xml
2015/07/11 18:15:37 DEBUG> wemaux_httpd.pl:52 MyWebServer::handle_setup - Request for sample/setup.xml
2015/07/11 18:15:47 DEBUG> wemaux_httpd.pl:52 MyWebServer::handle_setup - Request for sample/setup.xml
2015/07/11 18:20:57 DEBUG> wemaux_httpd.pl:52 MyWebServer::handle_setup - Request for sample/setup.xml
2015/07/11 18:24:26 DEBUG> wemaux_httpd.pl:52 MyWebServer::handle_setup - Request for sample/setup.xml
2015/07/11 18:27:07 DEBUG> wemaux_httpd.pl:52 MyWebServer::handle_setup - Request for sample/setup.xml
2015/07/11 18:38:05 DEBUG> wemaux_httpd.pl:52 MyWebServer::handle_setup - Request for sample/setup.xml
2015/07/11 18:42:21 DEBUG> wemaux_httpd.pl:31 MyWebServer::handle_request - Request from 192.168.2.100
2015/07/11 18:42:21 DEBUG> wemaux_httpd.pl:54 MyWebServer::handle_setup - Request for sample/setup.xml
2015/07/11 19:02:42 DEBUG> wemaux_httpd.pl:31 MyWebServer::handle_request - Request from 192.168.2.100
2015/07/11 19:02:42 DEBUG> wemaux_httpd.pl:54 MyWebServer::handle_setup - Request for sample/setup.xml
2015/07/11 19:05:25 DEBUG> wemaux_httpd.pl:31 MyWebServer::handle_request - Request from 192.168.2.100
2015/07/11 19:05:25 DEBUG> wemaux_httpd.pl:54 MyWebServer::handle_setup - Request for sample/setup.xml
2015/07/11 19:06:09 DEBUG> wemaux_httpd.pl:31 MyWebServer::handle_request - Request from 192.168.2.100
2015/07/11 19:06:09 DEBUG> wemaux_httpd.pl:54 MyWebServer::handle_setup - Request for sample/setup.xml
2015/07/11 19:07:05 DEBUG> wemaux_httpd.pl:31 MyWebServer::handle_request - Request from 192.168.2.100
2015/07/11 19:07:05 DEBUG> wemaux_httpd.pl:54 MyWebServer::handle_setup - Request for sample/setup.xml
2015/07/11 19:07:06 DEBUG> wemaux_httpd.pl:31 MyWebServer::handle_request - Request from 192.168.2.100
2015/07/11 19:07:06 DEBUG> wemaux_httpd.pl:54 MyWebServer::handle_setup - Request for sample/setup.xml
2015/07/11 19:07:07 DEBUG> wemaux_httpd.pl:31 MyWebServer::handle_request - Request from 192.168.2.100
2015/07/11 19:07:07 DEBUG> wemaux_httpd.pl:54 MyWebServer::handle_setup - Request for sample/setup.xml
2015/07/11 19:07:08 DEBUG> wemaux_httpd.pl:31 MyWebServer::handle_request - Request from 192.168.2.100
2015/07/11 19:07:08 DEBUG> wemaux_httpd.pl:54 MyWebServer::handle_setup - Request for sample/setup.xml
2015/07/11 19:09:21 DEBUG> wemaux_httpd.pl:31 MyWebServer::handle_request - Request from 192.168.2.100
2015/07/11 19:09:21 DEBUG> wemaux_httpd.pl:54 MyWebServer::handle_setup - Request for sample/setup.xml
2015/07/11 19:09:21 DEBUG> wemaux_httpd.pl:31 MyWebServer::handle_request - Request from 192.168.2.100
2015/07/11 19:09:21 DEBUG> wemaux_httpd.pl:54 MyWebServer::handle_setup - Request for sample/setup.xml
2015/07/11 19:09:23 DEBUG> wemaux_httpd.pl:31 MyWebServer::handle_request - Request from 192.168.2.100
2015/07/11 19:09:23 DEBUG> wemaux_httpd.pl:54 MyWebServer::handle_setup - Request for sample/setup.xml
2015/07/11 19:09:23 DEBUG> wemaux_httpd.pl:31 MyWebServer::handle_request - Request from 192.168.2.100
2015/07/11 19:09:23 DEBUG> wemaux_httpd.pl:54 MyWebServer::handle_setup - Request for sample/setup.xml
2015/07/11 19:10:28 DEBUG> wemaux_httpd.pl:31 MyWebServer::handle_request - Request from 192.168.2.100
2015/07/11 19:10:28 DEBUG> wemaux_httpd.pl:54 MyWebServer::handle_setup - Request for sample/setup.xml
2015/07/11 19:10:29 DEBUG> wemaux_httpd.pl:31 MyWebServer::handle_request - Request from 192.168.2.100
2015/07/11 19:10:29 DEBUG> wemaux_httpd.pl:54 MyWebServer::handle_setup - Request for sample/setup.xml
2015/07/11 19:10:29 DEBUG> wemaux_httpd.pl:31 MyWebServer::handle_request - Request from 192.168.2.100
2015/07/11 19:10:29 DEBUG> wemaux_httpd.pl:54 MyWebServer::handle_setup - Request for sample/setup.xml
2015/07/11 19:10:30 DEBUG> wemaux_httpd.pl:31 MyWebServer::handle_request - Request from 192.168.2.100
2015/07/11 19:10:30 DEBUG> wemaux_httpd.pl:54 MyWebServer::handle_setup - Request for sample/setup.xml
2015/07/11 19:10:40 DEBUG> wemaux_httpd.pl:31 MyWebServer::handle_request - Request from 192.168.2.100
2015/07/11 19:10:40 DEBUG> wemaux_httpd.pl:54 MyWebServer::handle_setup - Request for sample/setup.xml
2015/07/11 19:10:42 DEBUG> wemaux_httpd.pl:31 MyWebServer::handle_request - Request from 192.168.2.100
2015/07/11 19:10:42 DEBUG> wemaux_httpd.pl:54 MyWebServer::handle_setup - Request for sample/setup.xml
2015/07/11 19:10:42 DEBUG> wemaux_httpd.pl:31 MyWebServer::handle_request - Request from 192.168.2.100
2015/07/11 19:10:42 DEBUG> wemaux_httpd.pl:54 MyWebServer::handle_setup - Request for sample/setup.xml
2015/07/11 19:10:43 DEBUG> wemaux_httpd.pl:31 MyWebServer::handle_request - Request from 192.168.2.100
2015/07/11 19:10:43 DEBUG> wemaux_httpd.pl:54 MyWebServer::handle_setup - Request for sample/setup.xml
2015/07/11 19:11:24 DEBUG> wemaux_httpd.pl:31 MyWebServer::handle_request - Request from 192.168.2.100
2015/07/11 19:11:24 DEBUG> wemaux_httpd.pl:54 MyWebServer::handle_setup - Request for sample/setup.xml
2015/07/11 19:11:24 DEBUG> wemaux_httpd.pl:31 MyWebServer::handle_request - Request from 192.168.2.100
2015/07/11 19:11:24 DEBUG> wemaux_httpd.pl:54 MyWebServer::handle_setup - Request for sample/setup.xml
2015/07/11 19:11:24 DEBUG> wemaux_httpd.pl:31 MyWebServer::handle_request - Request from 192.168.2.100
2015/07/11 19:11:24 DEBUG> wemaux_httpd.pl:54 MyWebServer::handle_setup - Request for sample/setup.xml
2015/07/11 19:14:37 DEBUG> wemaux_httpd.pl:31 MyWebServer::handle_request - Request from 192.168.2.100
2015/07/11 19:14:37 DEBUG> wemaux_httpd.pl:54 MyWebServer::handle_setup - Request for sample/setup.xml
2015/07/11 19:14:39 DEBUG> wemaux_httpd.pl:31 MyWebServer::handle_request - Request from 192.168.2.100
2015/07/11 19:14:39 DEBUG> wemaux_httpd.pl:54 MyWebServer::handle_setup - Request for sample/setup.xml
2015/07/11 19:14:39 DEBUG> wemaux_httpd.pl:31 MyWebServer::handle_request - Request from 192.168.2.100
2015/07/11 19:14:39 DEBUG> wemaux_httpd.pl:54 MyWebServer::handle_setup - Request for sample/setup.xml
2015/07/11 19:14:40 DEBUG> wemaux_httpd.pl:31 MyWebServer::handle_request - Request from 192.168.2.100
2015/07/11 19:14:40 DEBUG> wemaux_httpd.pl:54 MyWebServer::handle_setup - Request for sample/setup.xml
2015/07/11 19:14:41 DEBUG> wemaux_httpd.pl:31 MyWebServer::handle_request - Request from 192.168.2.100
2015/07/11 19:14:41 DEBUG> wemaux_httpd.pl:54 MyWebServer::handle_setup - Request for sample/setup.xml
2015/07/11 19:14:42 DEBUG> wemaux_httpd.pl:31 MyWebServer::handle_request - Request from 192.168.2.100
2015/07/11 19:14:42 DEBUG> wemaux_httpd.pl:54 MyWebServer::handle_setup - Request for sample/setup.xml
2015/07/11 19:14:44 DEBUG> wemaux_httpd.pl:31 MyWebServer::handle_request - Request from 192.168.2.100
2015/07/11 19:14:44 DEBUG> wemaux_httpd.pl:54 MyWebServer::handle_setup - Request for sample/setup.xml
2015/07/11 19:16:03 DEBUG> wemaux_httpd.pl:31 MyWebServer::handle_request - Request from 192.168.2.100
2015/07/11 19:16:03 DEBUG> wemaux_httpd.pl:54 MyWebServer::handle_setup - Request for sample/setup.xml
2015/07/11 19:16:04 DEBUG> wemaux_httpd.pl:31 MyWebServer::handle_request - Request from 192.168.2.100
2015/07/11 19:16:04 DEBUG> wemaux_httpd.pl:54 MyWebServer::handle_setup - Request for sample/setup.xml
2015/07/11 19:16:04 DEBUG> wemaux_httpd.pl:31 MyWebServer::handle_request - Request from 192.168.2.100
2015/07/11 19:16:04 DEBUG> wemaux_httpd.pl:54 MyWebServer::handle_setup - Request for sample/setup.xml
2015/07/11 19:16:50 DEBUG> wemaux_httpd.pl:31 MyWebServer::handle_request - Request from 192.168.2.100
2015/07/11 19:16:50 DEBUG> wemaux_httpd.pl:54 MyWebServer::handle_setup - Request for sample/setup.xml
2015/07/11 19:16:51 DEBUG> wemaux_httpd.pl:31 MyWebServer::handle_request - Request from 192.168.2.100
2015/07/11 19:16:51 DEBUG> wemaux_httpd.pl:54 MyWebServer::handle_setup - Request for sample/setup.xml
2015/07/11 19:16:52 DEBUG> wemaux_httpd.pl:31 MyWebServer::handle_request - Request from 192.168.2.100
2015/07/11 19:16:52 DEBUG> wemaux_httpd.pl:54 MyWebServer::handle_setup - Request for sample/setup.xml
2015/07/11 19:16:52 DEBUG> wemaux_httpd.pl:31 MyWebServer::handle_request - Request from 192.168.2.100
2015/07/11 19:16:52 DEBUG> wemaux_httpd.pl:54 MyWebServer::handle_setup - Request for sample/setup.xml
2015/07/11 19:16:56 DEBUG> wemaux_httpd.pl:31 MyWebServer::handle_request - Request from 192.168.2.100
2015/07/11 19:16:56 DEBUG> wemaux_httpd.pl:54 MyWebServer::handle_setup - Request for sample/setup.xml
2015/07/11 19:16:57 DEBUG> wemaux_httpd.pl:31 MyWebServer::handle_request - Request from 192.168.2.100
2015/07/11 19:16:57 DEBUG> wemaux_httpd.pl:54 MyWebServer::handle_setup - Request for sample/setup.xml
2015/07/11 19:16:57 DEBUG> wemaux_httpd.pl:31 MyWebServer::handle_request - Request from 192.168.2.100
2015/07/11 19:16:57 DEBUG> wemaux_httpd.pl:54 MyWebServer::handle_setup - Request for sample/setup.xml
2015/07/11 19:17:05 DEBUG> wemaux_httpd.pl:31 MyWebServer::handle_request - Request from 192.168.2.100
2015/07/11 19:17:05 DEBUG> wemaux_httpd.pl:54 MyWebServer::handle_setup - Request for sample/setup.xml
2015/07/11 19:17:06 DEBUG> wemaux_httpd.pl:31 MyWebServer::handle_request - Request from 192.168.2.100
2015/07/11 19:17:06 DEBUG> wemaux_httpd.pl:54 MyWebServer::handle_setup - Request for sample/setup.xml
2015/07/11 19:17:07 DEBUG> wemaux_httpd.pl:31 MyWebServer::handle_request - Request from 192.168.2.100
2015/07/11 19:17:07 DEBUG> wemaux_httpd.pl:54 MyWebServer::handle_setup - Request for sample/setup.xml
2015/07/11 19:17:07 DEBUG> wemaux_httpd.pl:31 MyWebServer::handle_request - Request from 192.168.2.100
2015/07/11 19:17:07 DEBUG> wemaux_httpd.pl:54 MyWebServer::handle_setup - Request for sample/setup.xml
2015/07/11 19:18:49 DEBUG> wemaux_httpd.pl:31 MyWebServer::handle_request - Request from 192.168.2.100
2015/07/11 19:18:49 DEBUG> wemaux_httpd.pl:54 MyWebServer::handle_setup - Request for sample/setup.xml
2015/07/11 19:18:50 DEBUG> wemaux_httpd.pl:31 MyWebServer::handle_request - Request from 192.168.2.100
2015/07/11 19:18:50 DEBUG> wemaux_httpd.pl:54 MyWebServer::handle_setup - Request for sample/setup.xml
2015/07/11 19:18:50 DEBUG> wemaux_httpd.pl:31 MyWebServer::handle_request - Request from 192.168.2.100
2015/07/11 19:18:50 DEBUG> wemaux_httpd.pl:54 MyWebServer::handle_setup - Request for sample/setup.xml
2015/07/11 19:18:51 DEBUG> wemaux_httpd.pl:31 MyWebServer::handle_request - Request from 192.168.2.100
2015/07/11 19:18:51 DEBUG> wemaux_httpd.pl:54 MyWebServer::handle_setup - Request for sample/setup.xml
2015/07/11 19:18:52 DEBUG> wemaux_httpd.pl:31 MyWebServer::handle_request - Request from 192.168.2.100
2015/07/11 19:18:52 DEBUG> wemaux_httpd.pl:54 MyWebServer::handle_setup - Request for sample/setup.xml
2015/07/11 19:18:53 DEBUG> wemaux_httpd.pl:31 MyWebServer::handle_request - Request from 192.168.2.100
2015/07/11 19:18:53 DEBUG> wemaux_httpd.pl:54 MyWebServer::handle_setup - Request for sample/setup.xml
2015/07/11 19:18:53 DEBUG> wemaux_httpd.pl:31 MyWebServer::handle_request - Request from 192.168.2.100
2015/07/11 19:18:53 DEBUG> wemaux_httpd.pl:54 MyWebServer::handle_setup - Request for sample/setup.xml
2015/07/11 19:19:35 DEBUG> wemaux_httpd.pl:31 MyWebServer::handle_request - Request from 192.168.2.100
2015/07/11 19:19:35 DEBUG> wemaux_httpd.pl:54 MyWebServer::handle_setup - Request for sample/setup.xml
2015/07/11 19:19:36 DEBUG> wemaux_httpd.pl:31 MyWebServer::handle_request - Request from 192.168.2.100
2015/07/11 19:19:36 DEBUG> wemaux_httpd.pl:54 MyWebServer::handle_setup - Request for sample/setup.xml
2015/07/11 19:19:37 DEBUG> wemaux_httpd.pl:31 MyWebServer::handle_request - Request from 192.168.2.100
2015/07/11 19:19:37 DEBUG> wemaux_httpd.pl:54 MyWebServer::handle_setup - Request for sample/setup.xml
2015/07/11 19:19:37 DEBUG> wemaux_httpd.pl:31 MyWebServer::handle_request - Request from 192.168.2.100
2015/07/11 19:19:37 DEBUG> wemaux_httpd.pl:54 MyWebServer::handle_setup - Request for sample/setup.xml
2015/07/11 19:27:30 DEBUG> wemaux_httpd.pl:31 MyWebServer::handle_request - Request from 192.168.2.100
2015/07/11 19:27:30 DEBUG> wemaux_httpd.pl:54 MyWebServer::handle_setup - Request for sample/setup.xml
2015/07/11 19:29:11 DEBUG> wemaux_httpd.pl:31 MyWebServer::handle_request - Request from 192.168.2.100
2015/07/11 19:29:11 DEBUG> wemaux_httpd.pl:54 MyWebServer::handle_setup - Request for sample/setup.xml
2015/07/11 19:30:21 DEBUG> wemaux_httpd.pl:31 MyWebServer::handle_request - Request from 192.168.2.100
2015/07/11 19:30:21 DEBUG> wemaux_httpd.pl:54 MyWebServer::handle_setup - Request for sample/setup.xml
2015/07/11 19:30:21 DEBUG> wemaux_httpd.pl:31 MyWebServer::handle_request - Request from 192.168.2.100
2015/07/11 19:30:21 DEBUG> wemaux_httpd.pl:54 MyWebServer::handle_setup - Request for sample/setup.xml
2015/07/11 19:30:22 DEBUG> wemaux_httpd.pl:31 MyWebServer::handle_request - Request from 192.168.2.100
2015/07/11 19:30:22 DEBUG> wemaux_httpd.pl:54 MyWebServer::handle_setup - Request for sample/setup.xml
2015/07/11 19:30:22 DEBUG> wemaux_httpd.pl:31 MyWebServer::handle_request - Request from 192.168.2.100
2015/07/11 19:30:22 DEBUG> wemaux_httpd.pl:54 MyWebServer::handle_setup - Request for sample/setup.xml
2015/07/11 19:31:06 DEBUG> wemaux_httpd.pl:31 MyWebServer::handle_request - Request from 192.168.2.100
2015/07/11 19:31:06 DEBUG> wemaux_httpd.pl:54 MyWebServer::handle_setup - Request for sample/setup.xml
2015/07/11 19:31:08 DEBUG> wemaux_httpd.pl:31 MyWebServer::handle_request - Request from 192.168.2.100
2015/07/11 19:31:08 DEBUG> wemaux_httpd.pl:54 MyWebServer::handle_setup - Request for sample/setup.xml
2015/07/11 19:31:08 DEBUG> wemaux_httpd.pl:31 MyWebServer::handle_request - Request from 192.168.2.100
2015/07/11 19:31:08 DEBUG> wemaux_httpd.pl:54 MyWebServer::handle_setup - Request for sample/setup.xml
2015/07/11 19:31:40 DEBUG> wemaux_httpd.pl:31 MyWebServer::handle_request - Request from 192.168.2.100
2015/07/11 19:31:40 DEBUG> wemaux_httpd.pl:54 MyWebServer::handle_setup - Request for sample/setup.xml
2015/07/11 19:31:41 DEBUG> wemaux_httpd.pl:31 MyWebServer::handle_request - Request from 192.168.2.100
2015/07/11 19:31:41 DEBUG> wemaux_httpd.pl:54 MyWebServer::handle_setup - Request for sample/setup.xml
2015/07/11 19:31:42 DEBUG> wemaux_httpd.pl:31 MyWebServer::handle_request - Request from 192.168.2.100
2015/07/11 19:31:42 DEBUG> wemaux_httpd.pl:54 MyWebServer::handle_setup - Request for sample/setup.xml
2015/07/11 19:31:46 DEBUG> wemaux_httpd.pl:31 MyWebServer::handle_request - Request from 192.168.2.100
2015/07/11 19:31:46 DEBUG> wemaux_httpd.pl:54 MyWebServer::handle_setup - Request for sample/setup.xml
2015/07/11 19:31:46 DEBUG> wemaux_httpd.pl:31 MyWebServer::handle_request - Request from 192.168.2.100
2015/07/11 19:31:46 DEBUG> wemaux_httpd.pl:54 MyWebServer::handle_setup - Request for sample/setup.xml
2015/07/11 19:31:47 DEBUG> wemaux_httpd.pl:31 MyWebServer::handle_request - Request from 192.168.2.100
2015/07/11 19:31:47 DEBUG> wemaux_httpd.pl:54 MyWebServer::handle_setup - Request for sample/setup.xml
2015/07/11 19:31:47 DEBUG> wemaux_httpd.pl:31 MyWebServer::handle_request - Request from 192.168.2.100
2015/07/11 19:31:47 DEBUG> wemaux_httpd.pl:54 MyWebServer::handle_setup - Request for sample/setup.xml
2015/07/11 19:31:47 DEBUG> wemaux_httpd.pl:31 MyWebServer::handle_request - Request from 192.168.2.100
2015/07/11 19:31:47 DEBUG> wemaux_httpd.pl:54 MyWebServer::handle_setup - Request for sample/setup.xml
2015/07/11 19:32:34 DEBUG> wemaux_httpd.pl:31 MyWebServer::handle_request - Request from 192.168.2.100
2015/07/11 19:32:34 DEBUG> wemaux_httpd.pl:54 MyWebServer::handle_setup - Request for sample/setup.xml
2015/07/11 19:32:34 DEBUG> wemaux_httpd.pl:31 MyWebServer::handle_request - Request from 192.168.2.100
2015/07/11 19:32:34 DEBUG> wemaux_httpd.pl:54 MyWebServer::handle_setup - Request for sample/setup.xml
2015/07/11 19:32:35 DEBUG> wemaux_httpd.pl:31 MyWebServer::handle_request - Request from 192.168.2.100
2015/07/11 19:32:35 DEBUG> wemaux_httpd.pl:54 MyWebServer::handle_setup - Request for sample/setup.xml
2015/07/11 19:32:44 DEBUG> wemaux_httpd.pl:31 MyWebServer::handle_request - Request from 192.168.2.100
2015/07/11 19:32:44 DEBUG> wemaux_httpd.pl:54 MyWebServer::handle_setup - Request for sample/setup.xml
2015/07/11 19:32:44 DEBUG> wemaux_httpd.pl:31 MyWebServer::handle_request - Request from 192.168.2.100
2015/07/11 19:32:44 DEBUG> wemaux_httpd.pl:54 MyWebServer::handle_setup - Request for sample/setup.xml
2015/07/11 19:32:45 DEBUG> wemaux_httpd.pl:31 MyWebServer::handle_request - Request from 192.168.2.100
2015/07/11 19:32:45 DEBUG> wemaux_httpd.pl:54 MyWebServer::handle_setup - Request for sample/setup.xml
2015/07/11 19:32:45 DEBUG> wemaux_httpd.pl:31 MyWebServer::handle_request - Request from 192.168.2.100
2015/07/11 19:32:45 DEBUG> wemaux_httpd.pl:54 MyWebServer::handle_setup - Request for sample/setup.xml
2015/07/11 19:33:09 DEBUG> wemaux_httpd.pl:31 MyWebServer::handle_request - Request from 192.168.2.100
2015/07/11 19:33:09 DEBUG> wemaux_httpd.pl:54 MyWebServer::handle_setup - Request for sample/setup.xml
2015/07/11 19:33:11 DEBUG> wemaux_httpd.pl:31 MyWebServer::handle_request - Request from 192.168.2.100
2015/07/11 19:33:11 DEBUG> wemaux_httpd.pl:54 MyWebServer::handle_setup - Request for sample/setup.xml
2015/07/11 19:33:11 DEBUG> wemaux_httpd.pl:31 MyWebServer::handle_request - Request from 192.168.2.100
2015/07/11 19:33:11 DEBUG> wemaux_httpd.pl:54 MyWebServer::handle_setup - Request for sample/setup.xml
2015/07/11 19:33:11 DEBUG> wemaux_httpd.pl:31 MyWebServer::handle_request - Request from 192.168.2.100
2015/07/11 19:33:11 DEBUG> wemaux_httpd.pl:54 MyWebServer::handle_setup - Request for sample/setup.xml
2015/07/11 19:33:19 DEBUG> wemaux_httpd.pl:31 MyWebServer::handle_request - Request from 192.168.2.100
2015/07/11 19:33:19 DEBUG> wemaux_httpd.pl:54 MyWebServer::handle_setup - Request for sample/setup.xml
2015/07/11 19:33:21 DEBUG> wemaux_httpd.pl:31 MyWebServer::handle_request - Request from 192.168.2.100
2015/07/11 19:33:21 DEBUG> wemaux_httpd.pl:54 MyWebServer::handle_setup - Request for sample/setup.xml
2015/07/11 19:33:21 DEBUG> wemaux_httpd.pl:31 MyWebServer::handle_request - Request from 192.168.2.100
2015/07/11 19:33:21 DEBUG> wemaux_httpd.pl:54 MyWebServer::handle_setup - Request for sample/setup.xml
2015/07/11 19:33:21 DEBUG> wemaux_httpd.pl:31 MyWebServer::handle_request - Request from 192.168.2.100
2015/07/11 19:33:21 DEBUG> wemaux_httpd.pl:54 MyWebServer::handle_setup - Request for sample/setup.xml
2015/07/11 19:34:04 DEBUG> wemaux_httpd.pl:31 MyWebServer::handle_request - Request from 192.168.2.100
2015/07/11 19:34:04 DEBUG> wemaux_httpd.pl:54 MyWebServer::handle_setup - Request for sample/setup.xml
2015/07/11 19:34:05 DEBUG> wemaux_httpd.pl:31 MyWebServer::handle_request - Request from 192.168.2.100
2015/07/11 19:34:05 DEBUG> wemaux_httpd.pl:54 MyWebServer::handle_setup - Request for sample/setup.xml
2015/07/11 19:34:05 DEBUG> wemaux_httpd.pl:31 MyWebServer::handle_request - Request from 192.168.2.100
2015/07/11 19:34:05 DEBUG> wemaux_httpd.pl:54 MyWebServer::handle_setup - Request for sample/setup.xml
2015/07/11 19:34:05 DEBUG> wemaux_httpd.pl:31 MyWebServer::handle_request - Request from 192.168.2.100
2015/07/11 19:34:05 DEBUG> wemaux_httpd.pl:54 MyWebServer::handle_setup - Request for sample/setup.xml
2015/07/11 19:34:40 DEBUG> wemaux_httpd.pl:31 MyWebServer::handle_request - Request from 192.168.2.100
2015/07/11 19:34:40 DEBUG> wemaux_httpd.pl:54 MyWebServer::handle_setup - Request for sample/setup.xml
2015/07/11 19:34:40 DEBUG> wemaux_httpd.pl:31 MyWebServer::handle_request - Request from 192.168.2.100
2015/07/11 19:34:40 DEBUG> wemaux_httpd.pl:54 MyWebServer::handle_setup - Request for sample/setup.xml
2015/07/11 19:34:41 DEBUG> wemaux_httpd.pl:31 MyWebServer::handle_request - Request from 192.168.2.100
2015/07/11 19:34:41 DEBUG> wemaux_httpd.pl:54 MyWebServer::handle_setup - Request for sample/setup.xml
2015/07/11 19:34:41 DEBUG> wemaux_httpd.pl:31 MyWebServer::handle_request - Request from 192.168.2.100
2015/07/11 19:34:41 DEBUG> wemaux_httpd.pl:54 MyWebServer::handle_setup - Request for sample/setup.xml
2015/07/11 19:52:06 DEBUG> wemaux_httpd.pl:31 MyWebServer::handle_request - Request from 192.168.2.100
2015/07/11 19:52:06 DEBUG> wemaux_httpd.pl:54 MyWebServer::handle_setup - Request for sample/setup.xml
2015/07/11 19:52:06 DEBUG> wemaux_httpd.pl:31 MyWebServer::handle_request - Request from 192.168.2.100
2015/07/11 19:52:06 DEBUG> wemaux_httpd.pl:54 MyWebServer::handle_setup - Request for sample/setup.xml
2015/07/11 19:52:08 DEBUG> wemaux_httpd.pl:31 MyWebServer::handle_request - Request from 192.168.2.100
2015/07/11 19:52:08 DEBUG> wemaux_httpd.pl:54 MyWebServer::handle_setup - Request for sample/setup.xml
2015/07/11 19:52:11 DEBUG> wemaux_httpd.pl:31 MyWebServer::handle_request - Request from 192.168.2.100
2015/07/11 19:52:11 DEBUG> wemaux_httpd.pl:54 MyWebServer::handle_setup - Request for sample/setup.xml
2015/07/11 19:52:11 DEBUG> wemaux_httpd.pl:31 MyWebServer::handle_request - Request from 192.168.2.100
2015/07/11 19:52:11 DEBUG> wemaux_httpd.pl:54 MyWebServer::handle_setup - Request for sample/setup.xml
2015/07/11 19:52:11 DEBUG> wemaux_httpd.pl:31 MyWebServer::handle_request - Request from 192.168.2.100
2015/07/11 19:52:11 DEBUG> wemaux_httpd.pl:54 MyWebServer::handle_setup - Request for sample/setup.xml
2015/07/11 22:12:39 DEBUG> wemaux_httpd.pl:31 MyWebServer::handle_request - Request from 192.168.2.100
2015/07/11 22:12:39 DEBUG> wemaux_httpd.pl:54 MyWebServer::handle_setup - Request for sample/setup.xml
2015/07/11 22:12:40 DEBUG> wemaux_httpd.pl:31 MyWebServer::handle_request - Request from 192.168.2.100
2015/07/11 22:12:40 DEBUG> wemaux_httpd.pl:54 MyWebServer::handle_setup - Request for sample/setup.xml
2015/07/11 22:12:41 DEBUG> wemaux_httpd.pl:31 MyWebServer::handle_request - Request from 192.168.2.100
2015/07/11 22:12:41 DEBUG> wemaux_httpd.pl:54 MyWebServer::handle_setup - Request for sample/setup.xml
2015/07/11 22:12:42 DEBUG> wemaux_httpd.pl:31 MyWebServer::handle_request - Request from 192.168.2.100
2015/07/11 22:12:42 DEBUG> wemaux_httpd.pl:54 MyWebServer::handle_setup - Request for sample/setup.xml
2015/07/11 22:15:16 DEBUG> wemaux_httpd.pl:31 MyWebServer::handle_request - Request from 192.168.2.100
2015/07/11 22:15:16 DEBUG> wemaux_httpd.pl:54 MyWebServer::handle_setup - Request for sample/setup.xml
2015/07/11 22:15:16 DEBUG> wemaux_httpd.pl:31 MyWebServer::handle_request - Request from 192.168.2.100
2015/07/11 22:15:16 DEBUG> wemaux_httpd.pl:54 MyWebServer::handle_setup - Request for sample/setup.xml
2015/07/11 22:15:16 DEBUG> wemaux_httpd.pl:31 MyWebServer::handle_request - Request from 192.168.2.100
2015/07/11 22:15:16 DEBUG> wemaux_httpd.pl:54 MyWebServer::handle_setup - Request for sample/setup.xml
2015/07/11 22:15:16 DEBUG> wemaux_httpd.pl:31 MyWebServer::handle_request - Request from 192.168.2.100
2015/07/11 22:15:16 DEBUG> wemaux_httpd.pl:54 MyWebServer::handle_setup - Request for sample/setup.xml
2015/07/11 22:21:27 DEBUG> wemaux_httpd.pl:31 MyWebServer::handle_request - Request from 192.168.2.100
2015/07/11 22:21:27 DEBUG> wemaux_httpd.pl:54 MyWebServer::handle_setup - Request for sample/setup.xml
2015/07/11 22:21:27 DEBUG> wemaux_httpd.pl:31 MyWebServer::handle_request - Request from 192.168.2.100
2015/07/11 22:21:27 DEBUG> wemaux_httpd.pl:54 MyWebServer::handle_setup - Request for sample/setup.xml
2015/07/11 22:21:27 DEBUG> wemaux_httpd.pl:31 MyWebServer::handle_request - Request from 192.168.2.100
2015/07/11 22:21:27 DEBUG> wemaux_httpd.pl:54 MyWebServer::handle_setup - Request for sample/setup.xml
2015/07/11 22:21:27 DEBUG> wemaux_httpd.pl:31 MyWebServer::handle_request - Request from 192.168.2.100
2015/07/11 22:21:27 DEBUG> wemaux_httpd.pl:54 MyWebServer::handle_setup - Request for sample/setup.xml
2015/07/11 22:21:28 DEBUG> wemaux_httpd.pl:31 MyWebServer::handle_request - Request from 192.168.2.100
2015/07/11 22:21:28 DEBUG> wemaux_httpd.pl:54 MyWebServer::handle_setup - Request for sample/setup.xml
2015/07/11 22:21:28 DEBUG> wemaux_httpd.pl:31 MyWebServer::handle_request - Request from 192.168.2.100
2015/07/11 22:21:28 DEBUG> wemaux_httpd.pl:54 MyWebServer::handle_setup - Request for sample/setup.xml
2015/07/11 22:21:28 DEBUG> wemaux_httpd.pl:31 MyWebServer::handle_request - Request from 192.168.2.100
2015/07/11 22:21:28 DEBUG> wemaux_httpd.pl:54 MyWebServer::handle_setup - Request for sample/setup.xml
2015/07/11 22:21:28 DEBUG> wemaux_httpd.pl:31 MyWebServer::handle_request - Request from 192.168.2.100
2015/07/11 22:21:28 DEBUG> wemaux_httpd.pl:54 MyWebServer::handle_setup - Request for sample/setup.xml
2015/07/11 22:21:59 DEBUG> wemaux_httpd.pl:31 MyWebServer::handle_request - Request from 192.168.2.100
2015/07/11 22:21:59 DEBUG> wemaux_httpd.pl:54 MyWebServer::handle_setup - Request for sample/setup.xml
2015/07/11 22:22:00 DEBUG> wemaux_httpd.pl:31 MyWebServer::handle_request - Request from 192.168.2.100
2015/07/11 22:22:00 DEBUG> wemaux_httpd.pl:54 MyWebServer::handle_setup - Request for sample/setup.xml
2015/07/11 22:22:00 DEBUG> wemaux_httpd.pl:31 MyWebServer::handle_request - Request from 192.168.2.100
2015/07/11 22:22:00 DEBUG> wemaux_httpd.pl:54 MyWebServer::handle_setup - Request for sample/setup.xml
2015/07/11 22:22:00 DEBUG> wemaux_httpd.pl:31 MyWebServer::handle_request - Request from 192.168.2.100
2015/07/11 22:22:00 DEBUG> wemaux_httpd.pl:54 MyWebServer::handle_setup - Request for sample/setup.xml
2015/07/11 22:22:03 DEBUG> wemaux_httpd.pl:31 MyWebServer::handle_request - Request from 192.168.2.100
2015/07/11 22:22:03 DEBUG> wemaux_httpd.pl:54 MyWebServer::handle_setup - Request for sample/setup.xml
2015/07/11 22:22:04 DEBUG> wemaux_httpd.pl:31 MyWebServer::handle_request - Request from 192.168.2.100
2015/07/11 22:22:04 DEBUG> wemaux_httpd.pl:54 MyWebServer::handle_setup - Request for sample/setup.xml
2015/07/11 22:22:06 DEBUG> wemaux_httpd.pl:31 MyWebServer::handle_request - Request from 192.168.2.100
2015/07/11 22:22:06 DEBUG> wemaux_httpd.pl:54 MyWebServer::handle_setup - Request for sample/setup.xml
2015/07/11 22:22:06 DEBUG> wemaux_httpd.pl:31 MyWebServer::handle_request - Request from 192.168.2.100
2015/07/11 22:22:06 DEBUG> wemaux_httpd.pl:54 MyWebServer::handle_setup - Request for sample/setup.xml
2015/07/12 02:47:21 DEBUG> wemaux_httpd.pl:31 MyWebServer::handle_request - Request from 192.168.2.100
2015/07/12 02:47:21 DEBUG> wemaux_httpd.pl:54 MyWebServer::handle_setup - Request for sample/setup.xml
2015/07/12 02:47:22 DEBUG> wemaux_httpd.pl:31 MyWebServer::handle_request - Request from 192.168.2.100
2015/07/12 02:47:22 DEBUG> wemaux_httpd.pl:54 MyWebServer::handle_setup - Request for sample/setup.xml
2015/07/12 21:19:20 DEBUG> wemaux_httpd.pl:31 MyWebServer::handle_request - Request from 192.168.2.100
2015/07/12 21:19:20 DEBUG> wemaux_httpd.pl:54 MyWebServer::handle_setup - Request for sample/setup.xml
2015/07/12 21:19:20 DEBUG> wemaux_httpd.pl:31 MyWebServer::handle_request - Request from 192.168.2.100
2015/07/12 21:19:20 DEBUG> wemaux_httpd.pl:54 MyWebServer::handle_setup - Request for sample/setup.xml
2015/07/12 21:19:21 DEBUG> wemaux_httpd.pl:31 MyWebServer::handle_request - Request from 192.168.2.100
2015/07/12 21:19:21 DEBUG> wemaux_httpd.pl:54 MyWebServer::handle_setup - Request for sample/setup.xml
2015/07/12 21:19:21 DEBUG> wemaux_httpd.pl:31 MyWebServer::handle_request - Request from 192.168.2.100
2015/07/12 21:19:21 DEBUG> wemaux_httpd.pl:54 MyWebServer::handle_setup - Request for sample/setup.xml
2015/07/12 21:20:59 DEBUG> wemaux_httpd.pl:31 MyWebServer::handle_request - Request from 192.168.2.100
2015/07/12 21:20:59 DEBUG> wemaux_httpd.pl:54 MyWebServer::handle_setup - Request for sample/setup.xml
2015/07/12 21:21:00 DEBUG> wemaux_httpd.pl:31 MyWebServer::handle_request - Request from 192.168.2.100
2015/07/12 21:21:00 DEBUG> wemaux_httpd.pl:54 MyWebServer::handle_setup - Request for sample/setup.xml
2015/07/12 21:21:02 DEBUG> wemaux_httpd.pl:31 MyWebServer::handle_request - Request from 192.168.2.100
2015/07/12 21:21:02 DEBUG> wemaux_httpd.pl:54 MyWebServer::handle_setup - Request for sample/setup.xml
2015/07/12 21:21:02 DEBUG> wemaux_httpd.pl:31 MyWebServer::handle_request - Request from 192.168.2.100
2015/07/12 21:21:02 DEBUG> wemaux_httpd.pl:54 MyWebServer::handle_setup - Request for sample/setup.xml
2015/07/12 21:21:07 DEBUG> wemaux_httpd.pl:31 MyWebServer::handle_request - Request from 192.168.2.100
2015/07/12 21:21:07 DEBUG> wemaux_httpd.pl:54 MyWebServer::handle_setup - Request for sample/setup.xml
2015/07/12 21:21:08 DEBUG> wemaux_httpd.pl:31 MyWebServer::handle_request - Request from 192.168.2.100
2015/07/12 21:21:08 DEBUG> wemaux_httpd.pl:54 MyWebServer::handle_setup - Request for sample/setup.xml
2015/07/12 21:21:09 DEBUG> wemaux_httpd.pl:31 MyWebServer::handle_request - Request from 192.168.2.100
2015/07/12 21:21:09 DEBUG> wemaux_httpd.pl:54 MyWebServer::handle_setup - Request for sample/setup.xml
2015/07/12 21:21:09 DEBUG> wemaux_httpd.pl:31 MyWebServer::handle_request - Request from 192.168.2.100
2015/07/12 21:21:09 DEBUG> wemaux_httpd.pl:54 MyWebServer::handle_setup - Request for sample/setup.xml
2015/07/12 21:21:45 DEBUG> wemaux_httpd.pl:31 MyWebServer::handle_request - Request from 192.168.2.100
2015/07/12 21:21:45 DEBUG> wemaux_httpd.pl:54 MyWebServer::handle_setup - Request for sample/setup.xml
2015/07/12 21:21:46 DEBUG> wemaux_httpd.pl:31 MyWebServer::handle_request - Request from 192.168.2.100
2015/07/12 21:21:46 DEBUG> wemaux_httpd.pl:54 MyWebServer::handle_setup - Request for sample/setup.xml
2015/07/12 21:21:46 DEBUG> wemaux_httpd.pl:31 MyWebServer::handle_request - Request from 192.168.2.100
2015/07/12 21:21:46 DEBUG> wemaux_httpd.pl:54 MyWebServer::handle_setup - Request for sample/setup.xml
2015/07/12 21:21:47 DEBUG> wemaux_httpd.pl:31 MyWebServer::handle_request - Request from 192.168.2.100
2015/07/12 21:21:47 DEBUG> wemaux_httpd.pl:54 MyWebServer::handle_setup - Request for sample/setup.xml
2015/07/12 21:21:51 DEBUG> wemaux_httpd.pl:31 MyWebServer::handle_request - Request from 192.168.2.100
2015/07/12 21:21:51 DEBUG> wemaux_httpd.pl:54 MyWebServer::handle_setup - Request for sample/setup.xml
2015/07/12 21:21:52 DEBUG> wemaux_httpd.pl:31 MyWebServer::handle_request - Request from 192.168.2.100
2015/07/12 21:21:52 DEBUG> wemaux_httpd.pl:54 MyWebServer::handle_setup - Request for sample/setup.xml
2015/07/12 21:21:53 DEBUG> wemaux_httpd.pl:31 MyWebServer::handle_request - Request from 192.168.2.100
2015/07/12 21:21:53 DEBUG> wemaux_httpd.pl:54 MyWebServer::handle_setup - Request for sample/setup.xml
2015/07/12 21:23:02 DEBUG> wemaux_httpd.pl:31 MyWebServer::handle_request - Request from 192.168.2.100
2015/07/12 21:23:02 DEBUG> wemaux_httpd.pl:54 MyWebServer::handle_setup - Request for sample/setup.xml
2015/07/12 21:23:03 DEBUG> wemaux_httpd.pl:31 MyWebServer::handle_request - Request from 192.168.2.100
2015/07/12 21:23:03 DEBUG> wemaux_httpd.pl:54 MyWebServer::handle_setup - Request for sample/setup.xml
2015/07/12 21:23:03 DEBUG> wemaux_httpd.pl:31 MyWebServer::handle_request - Request from 192.168.2.100
2015/07/12 21:23:03 DEBUG> wemaux_httpd.pl:54 MyWebServer::handle_setup - Request for sample/setup.xml
2015/07/12 21:23:03 DEBUG> wemaux_httpd.pl:31 MyWebServer::handle_request - Request from 192.168.2.100
2015/07/12 21:23:03 DEBUG> wemaux_httpd.pl:54 MyWebServer::handle_setup - Request for sample/setup.xml
2015/07/12 21:23:07 DEBUG> wemaux_httpd.pl:31 MyWebServer::handle_request - Request from 192.168.2.100
2015/07/12 21:23:07 DEBUG> wemaux_httpd.pl:54 MyWebServer::handle_setup - Request for sample/setup.xml
2015/07/12 21:23:07 DEBUG> wemaux_httpd.pl:31 MyWebServer::handle_request - Request from 192.168.2.100
2015/07/12 21:23:07 DEBUG> wemaux_httpd.pl:54 MyWebServer::handle_setup - Request for sample/setup.xml
2015/07/12 21:23:08 DEBUG> wemaux_httpd.pl:31 MyWebServer::handle_request - Request from 192.168.2.100
2015/07/12 21:23:08 DEBUG> wemaux_httpd.pl:54 MyWebServer::handle_setup - Request for sample/setup.xml
2015/07/12 21:23:08 DEBUG> wemaux_httpd.pl:31 MyWebServer::handle_request - Request from 192.168.2.100
2015/07/12 21:23:08 DEBUG> wemaux_httpd.pl:54 MyWebServer::handle_setup - Request for sample/setup.xml
2015/07/12 21:23:10 DEBUG> wemaux_httpd.pl:31 MyWebServer::handle_request - Request from 192.168.2.100
2015/07/12 21:23:10 DEBUG> wemaux_httpd.pl:54 MyWebServer::handle_setup - Request for sample/setup.xml
2015/07/12 21:23:11 DEBUG> wemaux_httpd.pl:31 MyWebServer::handle_request - Request from 192.168.2.100
2015/07/12 21:23:11 DEBUG> wemaux_httpd.pl:54 MyWebServer::handle_setup - Request for sample/setup.xml
2015/07/12 21:23:12 DEBUG> wemaux_httpd.pl:31 MyWebServer::handle_request - Request from 192.168.2.100
2015/07/12 21:23:12 DEBUG> wemaux_httpd.pl:54 MyWebServer::handle_setup - Request for sample/setup.xml
2015/07/12 21:23:26 DEBUG> wemaux_httpd.pl:31 MyWebServer::handle_request - Request from 192.168.2.100
2015/07/12 21:23:26 DEBUG> wemaux_httpd.pl:54 MyWebServer::handle_setup - Request for sample/setup.xml
2015/07/12 21:23:28 DEBUG> wemaux_httpd.pl:31 MyWebServer::handle_request - Request from 192.168.2.100
2015/07/12 21:23:28 DEBUG> wemaux_httpd.pl:54 MyWebServer::handle_setup - Request for sample/setup.xml
2015/07/12 21:23:29 DEBUG> wemaux_httpd.pl:31 MyWebServer::handle_request - Request from 192.168.2.100
2015/07/12 21:23:29 DEBUG> wemaux_httpd.pl:54 MyWebServer::handle_setup - Request for sample/setup.xml
2015/07/12 21:23:29 DEBUG> wemaux_httpd.pl:31 MyWebServer::handle_request - Request from 192.168.2.100
2015/07/12 21:23:29 DEBUG> wemaux_httpd.pl:54 MyWebServer::handle_setup - Request for sample/setup.xml
2015/07/12 21:30:10 DEBUG> wemaux_httpd.pl:31 MyWebServer::handle_request - Request from 192.168.2.106
2015/07/12 21:30:10 DEBUG> wemaux_httpd.pl:54 MyWebServer::handle_setup - Request for sample/setup.xml
2015/07/12 21:31:06 DEBUG> wemaux_httpd.pl:31 MyWebServer::handle_request - Request from 192.168.2.200
2015/07/12 21:31:06 DEBUG> wemaux_httpd.pl:54 MyWebServer::handle_setup - Request for sample/setup.xml
2015/07/12 21:31:44 DEBUG> wemaux_httpd.pl:31 MyWebServer::handle_request - Request from 192.168.2.106
2015/07/12 21:31:44 DEBUG> wemaux_httpd.pl:54 MyWebServer::handle_setup - Request for sample/setup.xml
2015/07/12 21:32:39 DEBUG> wemaux_httpd.pl:31 MyWebServer::handle_request - Request from 192.168.2.106
2015/07/12 21:32:39 DEBUG> wemaux_httpd.pl:54 MyWebServer::handle_setup - Request for sample/setup.xml
2015/07/12 21:33:48 DEBUG> wemaux_httpd.pl:31 MyWebServer::handle_request - Request from 192.168.2.106
2015/07/12 21:33:48 DEBUG> wemaux_httpd.pl:54 MyWebServer::handle_setup - Request for sample/setup.xml
2015/07/12 21:34:47 DEBUG> wemaux_httpd.pl:31 MyWebServer::handle_request - Request from 192.168.2.106
2015/07/12 21:34:47 DEBUG> wemaux_httpd.pl:54 MyWebServer::handle_setup - Request for sample/setup.xml
2015/07/12 21:35:30 DEBUG> wemaux_httpd.pl:31 MyWebServer::handle_request - Request from 192.168.2.106
2015/07/12 21:35:30 DEBUG> wemaux_httpd.pl:54 MyWebServer::handle_setup - Request for sample/setup.xml
2015/07/12 21:35:45 DEBUG> wemaux_httpd.pl:31 MyWebServer::handle_request - Request from 192.168.2.100
2015/07/12 21:35:45 DEBUG> wemaux_httpd.pl:54 MyWebServer::handle_setup - Request for sample/setup.xml
2015/07/12 21:40:16 DEBUG> wemaux_httpd.pl:31 MyWebServer::handle_request - Request from 192.168.2.100
2015/07/12 21:40:16 DEBUG> wemaux_httpd.pl:54 MyWebServer::handle_setup - Request for sample/setup.xml
2015/07/12 21:40:18 DEBUG> wemaux_httpd.pl:31 MyWebServer::handle_request - Request from 192.168.2.100
2015/07/12 21:40:18 DEBUG> wemaux_httpd.pl:54 MyWebServer::handle_setup - Request for sample/setup.xml
2015/07/12 21:40:18 DEBUG> wemaux_httpd.pl:31 MyWebServer::handle_request - Request from 192.168.2.100
2015/07/12 21:40:18 DEBUG> wemaux_httpd.pl:54 MyWebServer::handle_setup - Request for sample/setup.xml
2015/07/12 21:40:18 DEBUG> wemaux_httpd.pl:31 MyWebServer::handle_request - Request from 192.168.2.100
2015/07/12 21:40:18 DEBUG> wemaux_httpd.pl:54 MyWebServer::handle_setup - Request for sample/setup.xml
2015/07/12 21:40:22 DEBUG> wemaux_httpd.pl:31 MyWebServer::handle_request - Request from 192.168.2.100
2015/07/12 21:40:22 DEBUG> wemaux_httpd.pl:54 MyWebServer::handle_setup - Request for sample/setup.xml
2015/07/12 21:40:24 DEBUG> wemaux_httpd.pl:31 MyWebServer::handle_request - Request from 192.168.2.100
2015/07/12 21:40:24 DEBUG> wemaux_httpd.pl:54 MyWebServer::handle_setup - Request for sample/setup.xml
2015/07/12 21:40:25 DEBUG> wemaux_httpd.pl:31 MyWebServer::handle_request - Request from 192.168.2.100
2015/07/12 21:40:25 DEBUG> wemaux_httpd.pl:54 MyWebServer::handle_setup - Request for sample/setup.xml
2015/07/12 21:40:25 DEBUG> wemaux_httpd.pl:31 MyWebServer::handle_request - Request from 192.168.2.100
2015/07/12 21:40:25 DEBUG> wemaux_httpd.pl:54 MyWebServer::handle_setup - Request for sample/setup.xml
2015/07/12 21:40:32 DEBUG> wemaux_httpd.pl:31 MyWebServer::handle_request - Request from 192.168.2.100
2015/07/12 21:40:32 DEBUG> wemaux_httpd.pl:54 MyWebServer::handle_setup - Request for sample/setup.xml
2015/07/12 21:40:34 DEBUG> wemaux_httpd.pl:31 MyWebServer::handle_request - Request from 192.168.2.100
2015/07/12 21:40:34 DEBUG> wemaux_httpd.pl:54 MyWebServer::handle_setup - Request for sample/setup.xml
2015/07/12 21:40:34 DEBUG> wemaux_httpd.pl:31 MyWebServer::handle_request - Request from 192.168.2.100
2015/07/12 21:40:34 DEBUG> wemaux_httpd.pl:54 MyWebServer::handle_setup - Request for sample/setup.xml
2015/07/12 21:40:34 DEBUG> wemaux_httpd.pl:31 MyWebServer::handle_request - Request from 192.168.2.100
2015/07/12 21:40:34 DEBUG> wemaux_httpd.pl:54 MyWebServer::handle_setup - Request for sample/setup.xml
2015/07/12 21:41:05 DEBUG> wemaux_httpd.pl:31 MyWebServer::handle_request - Request from 192.168.2.100
2015/07/12 21:41:05 DEBUG> wemaux_httpd.pl:54 MyWebServer::handle_setup - Request for sample/setup.xml
2015/07/12 21:41:07 DEBUG> wemaux_httpd.pl:31 MyWebServer::handle_request - Request from 192.168.2.100
2015/07/12 21:41:07 DEBUG> wemaux_httpd.pl:54 MyWebServer::handle_setup - Request for sample/setup.xml
2015/07/12 21:41:08 DEBUG> wemaux_httpd.pl:31 MyWebServer::handle_request - Request from 192.168.2.100
2015/07/12 21:41:08 DEBUG> wemaux_httpd.pl:54 MyWebServer::handle_setup - Request for sample/setup.xml
2015/07/12 21:41:08 DEBUG> wemaux_httpd.pl:31 MyWebServer::handle_request - Request from 192.168.2.100
2015/07/12 21:41:08 DEBUG> wemaux_httpd.pl:54 MyWebServer::handle_setup - Request for sample/setup.xml
2015/07/12 21:41:10 DEBUG> wemaux_httpd.pl:31 MyWebServer::handle_request - Request from 192.168.2.200
2015/07/12 21:41:10 DEBUG> wemaux_httpd.pl:54 MyWebServer::handle_setup - Request for sample/setup.xml
2015/07/12 21:41:13 DEBUG> wemaux_httpd.pl:31 MyWebServer::handle_request - Request from 192.168.2.100
2015/07/12 21:41:13 DEBUG> wemaux_httpd.pl:54 MyWebServer::handle_setup - Request for sample/setup.xml
2015/07/12 21:41:15 DEBUG> wemaux_httpd.pl:31 MyWebServer::handle_request - Request from 192.168.2.100
2015/07/12 21:41:15 DEBUG> wemaux_httpd.pl:54 MyWebServer::handle_setup - Request for sample/setup.xml
2015/07/12 21:41:16 DEBUG> wemaux_httpd.pl:31 MyWebServer::handle_request - Request from 192.168.2.100
2015/07/12 21:41:16 DEBUG> wemaux_httpd.pl:54 MyWebServer::handle_setup - Request for sample/setup.xml
2015/07/12 21:41:16 DEBUG> wemaux_httpd.pl:31 MyWebServer::handle_request - Request from 192.168.2.100
2015/07/12 21:41:16 DEBUG> wemaux_httpd.pl:54 MyWebServer::handle_setup - Request for sample/setup.xml
2015/07/12 21:41:31 DEBUG> wemaux_httpd.pl:31 MyWebServer::handle_request - Request from 192.168.2.100
2015/07/12 21:41:31 DEBUG> wemaux_httpd.pl:54 MyWebServer::handle_setup - Request for sample/setup.xml
2015/07/12 21:41:38 DEBUG> wemaux_httpd.pl:31 MyWebServer::handle_request - Request from 192.168.2.100
2015/07/12 21:41:38 DEBUG> wemaux_httpd.pl:54 MyWebServer::handle_setup - Request for sample/setup.xml
2015/07/12 21:41:38 DEBUG> wemaux_httpd.pl:31 MyWebServer::handle_request - Request from 192.168.2.128
2015/07/12 21:41:38 DEBUG> wemaux_httpd.pl:54 MyWebServer::handle_setup - Request for sample/setup.xml
2015/07/12 21:41:56 DEBUG> wemaux_httpd.pl:31 MyWebServer::handle_request - Request from 192.168.2.106
2015/07/12 21:41:56 DEBUG> wemaux_httpd.pl:54 MyWebServer::handle_setup - Request for sample/setup.xml
2015/07/12 21:42:44 DEBUG> wemaux_httpd.pl:31 MyWebServer::handle_request - Request from 192.168.2.100
2015/07/12 21:42:44 DEBUG> wemaux_httpd.pl:54 MyWebServer::handle_setup - Request for sample/setup.xml
2015/07/12 21:44:42 DEBUG> wemaux_httpd.pl:31 MyWebServer::handle_request - Request from 192.168.2.126
2015/07/12 21:44:42 DEBUG> wemaux_httpd.pl:54 MyWebServer::handle_setup - Request for sample/setup.xml
2015/07/12 21:44:42 DEBUG> wemaux_httpd.pl:31 MyWebServer::handle_request - Request from 192.168.2.126
2015/07/12 21:44:42 DEBUG> wemaux_httpd.pl:54 MyWebServer::handle_setup - Request for sample/setup.xml
2015/07/12 21:44:42 DEBUG> wemaux_httpd.pl:31 MyWebServer::handle_request - Request from 192.168.2.126
2015/07/12 21:44:42 DEBUG> wemaux_httpd.pl:54 MyWebServer::handle_setup - Request for sample/setup.xml
2015/07/12 21:51:13 DEBUG> wemaux_httpd.pl:31 MyWebServer::handle_request - Request from 192.168.2.200
2015/07/12 21:51:13 DEBUG> wemaux_httpd.pl:54 MyWebServer::handle_setup - Request for sample/setup.xml
2015/07/12 21:53:53 DEBUG> wemaux_httpd.pl:31 MyWebServer::handle_request - Request from 192.168.2.204
2015/07/12 21:53:53 DEBUG> wemaux_httpd.pl:54 MyWebServer::handle_setup - Request for sample/setup.xml
2015/07/12 22:27:39 DEBUG> wemaux_httpd.pl:31 MyWebServer::handle_request - Request from 192.168.2.204
2015/07/12 22:27:39 DEBUG> wemaux_httpd.pl:54 MyWebServer::handle_setup - Request for sample/setup.xml
2015/07/13 08:37:30 DEBUG> wemaux_httpd.pl:31 MyWebServer::handle_request - Request from 192.168.2.204
2015/07/13 08:37:30 DEBUG> wemaux_httpd.pl:54 MyWebServer::handle_setup - Request for sample/setup.xml
2015/07/13 08:54:55 DEBUG> wemaux_httpd.pl:31 MyWebServer::handle_request - Request from 192.168.2.100
2015/07/13 08:54:55 DEBUG> wemaux_httpd.pl:54 MyWebServer::handle_setup - Request for sample/setup.xml
2015/07/13 10:38:42 DEBUG> wemaux_httpd.pl:31 MyWebServer::handle_request - Request from 192.168.2.204
2015/07/13 10:38:42 DEBUG> wemaux_httpd.pl:54 MyWebServer::handle_setup - Request for sample/setup.xml
2015/07/13 10:39:32 DEBUG> wemaux_httpd.pl:31 MyWebServer::handle_request - Request from 192.168.2.200
2015/07/13 10:39:32 DEBUG> wemaux_httpd.pl:54 MyWebServer::handle_setup - Request for sample/setup.xml
